# JRE version: OpenJDK Runtime Environment (21.0.10) (build 21.0.10+-14961533-b1163.108)
# Java VM: OpenJDK 64-Bit Server VM (21.0.10+-14961533-b1163.108, mixed mode, tiered, compressed oops, compressed class ptrs, g1 gc, windows-amd64)
GC Precious Log:
 CardTable entry size: 512
 Card Set container configuration: InlinePtr #cards 5 size 8 Array Of Cards #cards 12 size 40 Howl #buckets 4 coarsen threshold 1843 Howl Bitmap #cards 512 size 80 coarsen threshold 460 Card regions per heap region 1 cards per card region 2048
 CPUs: 2 total, 2 available
 Memory: 3989M
 Large Page Support: Disabled
 NUMA Support: Disabled
 Compressed Oops: Enabled (32-bit)
 Heap Region Size: 1M
 Heap Min Capacity: 8M
 Heap Initial Capacity: 64M
 Heap Max Capacity: 2G
 Pre-touch: Disabled
 Parallel Workers: 2
 Concurrent Workers: 1
 Concurrent Refinement Workers: 2
 Periodic GC: Disabled
Heap:
 garbage-first heap   total 65536K, used 44236K [0x0000000080000000, 0x0000000100000000)
  region size 1024K, 22 young (22528K), 4 survivors (4096K)
 Metaspace       used 37754K, committed 38656K, reserved 1114112K
  class space    used 5199K, committed 5632K, reserved 1048576K
GC Heap History (18 events):
Event: 8.444 GC heap before
{Heap before GC invocations=0 (full 0):
 garbage-first heap   total 65536K, used 6144K [0x0000000080000000, 0x0000000100000000)
  region size 1024K, 6 young (6144K), 0 survivors (0K)
 Metaspace       used 7631K, committed 7744K, reserved 1114112K
  class space    used 716K, committed 768K, reserved 1048576K
}
Event: 8.501 GC heap after
{Heap after GC invocations=1 (full 0):
 garbage-first heap   total 65536K, used 1001K [0x0000000080000000, 0x0000000100000000)
  region size 1024K, 1 young (1024K), 1 survivors (1024K)
 Metaspace       used 7631K, committed 7744K, reserved 1114112K
  class space    used 716K, committed 768K, reserved 1048576K
}
Event: 8.722 GC heap before
{Heap before GC invocations=1 (full 0):
 garbage-first heap   total 65536K, used 6121K [0x0000000080000000, 0x0000000100000000)
  region size 1024K, 6 young (6144K), 1 survivors (1024K)
 Metaspace       used 7696K, committed 7808K, reserved 1114112K
  class space    used 716K, committed 768K, reserved 1048576K
}
Event: 8.725 GC heap after
{Heap after GC invocations=2 (full 0):
 garbage-first heap   total 65536K, used 1224K [0x0000000080000000, 0x0000000100000000)
  region size 1024K, 1 young (1024K), 1 survivors (1024K)
 Metaspace       used 7696K, committed 7808K, reserved 1114112K
  class space    used 716K, committed 768K, reserved 1048576K
}
Event: 11.083 GC heap before
{Heap before GC invocations=2 (full 0):
 garbage-first heap   total 65536K, used 15560K [0x0000000080000000, 0x0000000100000000)
  region size 1024K, 12 young (12288K), 1 survivors (1024K)
 Metaspace       used 9521K, committed 9664K, reserved 1114112K
  class space    used 916K, committed 1024K, reserved 1048576K
}
Event: 11.091 GC heap after
{Heap after GC invocations=3 (full 0):
 garbage-first heap   total 65536K, used 11135K [0x0000000080000000, 0x0000000100000000)
  region size 1024K, 2 young (2048K), 2 survivors (2048K)
 Metaspace       used 9521K, committed 9664K, reserved 1114112K
  class space    used 916K, committed 1024K, reserved 1048576K
}
Event: 34.862 GC heap before
{Heap before GC invocations=3 (full 0):
 garbage-first heap   total 65536K, used 50047K [0x0000000080000000, 0x0000000100000000)
  region size 1024K, 38 young (38912K), 2 survivors (2048K)
 Metaspace       used 12971K, committed 13120K, reserved 1114112K
  class space    used 1412K, committed 1472K, reserved 1048576K
}
Event: 34.872 GC heap after
{Heap after GC invocations=4 (full 0):
 garbage-first heap   total 65536K, used 15319K [0x0000000080000000, 0x0000000100000000)
  region size 1024K, 5 young (5120K), 5 survivors (5120K)
 Metaspace       used 12971K, committed 13120K, reserved 1114112K
  class space    used 1412K, committed 1472K, reserved 1048576K
}
Event: 56.630 GC heap before
{Heap before GC invocations=4 (full 0):
 garbage-first heap   total 65536K, used 47063K [0x0000000080000000, 0x0000000100000000)
  region size 1024K, 36 young (36864K), 5 survivors (5120K)
 Metaspace       used 16535K, committed 16768K, reserved 1114112K
  class space    used 1902K, committed 1984K, reserved 1048576K
}
Event: 56.647 GC heap after
{Heap after GC invocations=5 (full 0):
 garbage-first heap   total 65536K, used 19281K [0x0000000080000000, 0x0000000100000000)
  region size 1024K, 4 young (4096K), 4 survivors (4096K)
 Metaspace       used 16535K, committed 16768K, reserved 1114112K
  class space    used 1902K, committed 1984K, reserved 1048576K
}
Event: 68.339 GC heap before
{Heap before GC invocations=5 (full 0):
 garbage-first heap   total 65536K, used 32593K [0x0000000080000000, 0x0000000100000000)
  region size 1024K, 18 young (18432K), 4 survivors (4096K)
 Metaspace       used 21173K, committed 21504K, reserved 1114112K
  class space    used 2480K, committed 2624K, reserved 1048576K
}
Event: 68.352 GC heap after
{Heap after GC invocations=6 (full 0):
 garbage-first heap   total 65536K, used 21504K [0x0000000080000000, 0x0000000100000000)
  region size 1024K, 2 young (2048K), 2 survivors (2048K)
 Metaspace       used 21173K, committed 21504K, reserved 1114112K
  class space    used 2480K, committed 2624K, reserved 1048576K
}
Event: 82.892 GC heap before
{Heap before GC invocations=7 (full 0):
 garbage-first heap   total 65536K, used 52224K [0x0000000080000000, 0x0000000100000000)
  region size 1024K, 33 young (33792K), 2 survivors (2048K)
 Metaspace       used 27488K, committed 27904K, reserved 1114112K
  class space    used 3409K, committed 3584K, reserved 1048576K
}
Event: 82.904 GC heap after
{Heap after GC invocations=8 (full 0):
 garbage-first heap   total 65536K, used 23134K [0x0000000080000000, 0x0000000100000000)
  region size 1024K, 4 young (4096K), 4 survivors (4096K)
 Metaspace       used 27488K, committed 27904K, reserved 1114112K
  class space    used 3409K, committed 3584K, reserved 1048576K
}
Event: 94.792 GC heap before
{Heap before GC invocations=8 (full 0):
 garbage-first heap   total 65536K, used 52830K [0x0000000080000000, 0x0000000100000000)
  region size 1024K, 34 young (34816K), 4 survivors (4096K)
 Metaspace       used 32017K, committed 32704K, reserved 1114112K
  class space    used 4205K, committed 4544K, reserved 1048576K
}
Event: 94.809 GC heap after
{Heap after GC invocations=9 (full 0):
 garbage-first heap   total 65536K, used 25100K [0x0000000080000000, 0x0000000100000000)
  region size 1024K, 4 young (4096K), 4 survivors (4096K)
 Metaspace       used 32017K, committed 32704K, reserved 1114112K
  class space    used 4205K, committed 4544K, reserved 1048576K
}
Event: 100.109 GC heap before
{Heap before GC invocations=9 (full 0):
 garbage-first heap   total 65536K, used 47628K [0x0000000080000000, 0x0000000100000000)
  region size 1024K, 27 young (27648K), 4 survivors (4096K)
 Metaspace       used 35212K, committed 35968K, reserved 1114112K
  class space    used 4725K, committed 5120K, reserved 1048576K
}
Event: 100.126 GC heap after
{Heap after GC invocations=10 (full 0):
 garbage-first heap   total 65536K, used 26828K [0x0000000080000000, 0x0000000100000000)
  region size 1024K, 4 young (4096K), 4 survivors (4096K)
 Metaspace       used 35212K, committed 35968K, reserved 1114112K
  class space    used 4725K, committed 5120K, reserved 1048576K
}

